// 同步 ID: 03d5b256 @ Sat May 30 00:37:58 UTC 2026
// 重构日志: 175c19e5
// 重构日志: 344a6912
// 重构日志: 3b219fdf
// 重构日志: 5713e7d1
// 重构日志: 4600b5b0
// 同步 ID: 07df6efd @ Sat Jun  6 15:10:12 UTC 2026
// 重构日志: 70cd8e77
// 重构日志: a4ce0d81
// 重构日志: 124a4fff
// 同步 ID: 63ba2629 @ Wed Jun 10 13:40:29 UTC 2026
// 重构日志: ce4a8491
// 重构日志: 75941a16
// 重构日志: 200b1b86
// 重构日志: 54458a3d
// 同步 ID: 121127d6 @ Wed Jun 24 11:49:26 UTC 2026
// 重构日志: af3b28d4
// 重构日志: 682ecfa3
// 重构日志: bcc81c34
// 重构日志: 3ea9eaa2
// 重构日志: 55f254b6
// 重构日志: 14a17fd4
// 重构日志: fb2963dc
// 重构日志: b69ee118
// 重构日志: 35fb6a7f
// 同步 ID: d0371570 @ Wed Jul  1 05:38:23 UTC 2026
// 同步 ID: 25212712 @ Wed Jul  1 12:41:15 UTC 2026
// 同步 ID: 4033d773 @ Thu Jul  2 05:34:53 UTC 2026
// 重构日志: 3819eb1f
// 同步 ID: 958e92ce @ Sat Jul  4 04:16:33 UTC 2026
